d 1 7
d 1 31
d 1 32
d 1 119
d 1 136
d 1 138
d 1 144
d 1 224
d 1 229
d 1 247
d 1 248
d 1 255
d 1 357
d 1 358
d 1 359
d 1 362
d 1 364
d 1 365
d 1 366
d 1 398
d 1 430
d 1 446
d 1 448
d 1 449
d 1 451
d 1 480
d 1 489
d 1 511
d 1 512
d 1 513
d 1 533
d 1 597
d 1 623
d 1 651
d 1 653
d 1 678
d 1 681
d 1 694
d 1 695
d 1 762
d 1 804
d 1 807
d 1 808
d 1 809
d 1 819
d 1 844
d 1 865
d 1 866
d 1 868
d 1 897
d 1 905
d 1 907
d 1 908
d 1 913
d 1 914
d 1 921
d 1 923
d 1 970
d 1 30
d 1 168
d 1 312
d 1 331
d 1 529
d 1 143
d 1 107
d 1 562
d 1 256
d 1 322
d 1 472
d 1 301
d 1 965
d 1 89
d 1 166
d 1 481
d 1 814
d 1 704
d 1 816
d 1 97
d 1 956
d 1 670
d 1 406
d 1 407
d 1 752
d 1 75
d 1 879
d 1 199
d 1 742
d 1 565
d 1 40
d 1 340
d 1 737
d 1 24
d 1 476
d 1 21
d 1 48
d 1 251
d 1 753
d 1 287
d 1 273
d 1 823
d 1 711
d 1 508
d 1 504
d 1 394
d 1 61
d 1 392
d 1 799
d 1 45
d 1 975
d 1 157
d 1 673
d 1 677
d 1 995
d 1 600
d 1 155
d 1 361
d 1 35
d 1 806
d 1 186
d 1 698
d 1 563
d 1 560
d 1 941
d 1 96
d 1 118
d 1 900
d 1 130
d 1 796
d 1 452
d 1 690
d 1 161
d 1 820
d 1 71
d 1 439
d 1 433
d 1 202
d 1 198
d 1 959
d 1 968
d 1 661
d 1 65
d 1 824
d 1 266
d 1 640
d 1 10
d 1 18
d 1 642
d 1 754
d 1 767
d 1 771
d 1 658
d 1 249
d 1 164
d 1 593
d 1 708
d 1 283
d 1 740
d 1 910
d 1 607
d 1 769
d 1 523
d 1 288
d 1 267
d 1 826
d 1 240
d 1 568
d 1 700
d 1 171
d 1 172
d 1 185
d 1 825
d 1 722
d 1 356
d 1 763
d 1 594
d 1 69
d 1 318
d 1 279
d 1 261
d 1 621
d 1 577
d 1 306
d 1 463
d 1 924
d 1 103
d 1 843
d 1 139
d 1 730
d 1 777
d 1 617
d 1 801
d 1 969
d 1 821
d 1 839
d 1 715
d 1 845
d 1 222
d 1 55
d 1 28
d 1 321
d 1 697
d 1 41
d 1 667
d 1 946
d 1 537
d 1 115
d 1 411
d 1 382
d 1 654
d 1 15
d 1 200
d 1 899
d 1 193
d 1 918
d 1 434
d 1 66
d 1 221
d 1 716
d 1 602
d 1 460
d 1 123
d 1 140
d 1 216
d 1 672
d 1 176
d 1 43
d 1 91
d 1 412
d 1 974
d 1 536
d 1 964
d 1 543
d 1 978
d 1 506
d 1 951
d 1 800
d 1 783
d 1 902
d 1 498
d 1 992
d 1 78
d 1 589
d 1 459
d 1 569
d 1 872
d 1 344
d 1 903
d 1 369
d 1 516
d 1 466
d 1 313
d 1 129
d 1 49
d 1 582
d 1 719
d 1 26
d 1 634
d 1 346
d 1 542
d 1 645
d 1 175
d 1 773
d 1 949
d 1 887
d 1 72
d 1 940
d 1 901
d 1 332
d 1 591
d 1 632
d 1 207
d 1 189
d 1 581
d 1 787
d 1 503
d 1 355
d 1 263
d 1 329
d 1 259
d 1 83
d 1 349
d 1 132
d 1 387
d 1 999
d 1 324
d 1 805
d 1 853
d 1 1
d 1 684
d 1 179
d 1 625
d 1 58
d 1 352
d 1 755
d 1 44
d 1 343
d 1 213
d 1 423
d 1 572
d 1 696
d 1 87
d 1 822
d 1 388
d 1 952
d 1 422
d 1 633
d 1 417
d 1 319
d 1 993
d 1 436
d 1 408
d 1 794
d 1 141
d 1 218
d 1 778
d 1 942
d 1 338
d 1 254
d 1 68
d 1 194
d 1 580
d 1 426
d 1 898
d 1 386
d 1 330
d 1 167
d 1 812
d 1 274
d 1 882
d 1 628
d 1 703
d 1 478
d 1 784
d 1 327
d 1 943
d 1 574
d 1 861
d 1 181
d 1 63
d 1 798
d 1 54
d 1 219
d 1 997
d 1 855
d 1 520
d 1 765
d 1 465
d 1 732
d 1 622
d 1 553
d 1 454
d 1 736
d 1 779
d 1 92
d 1 564
d 1 578
d 1 743
d 1 1000
d 1 680
d 1 852
d 1 410
d 1 718
d 1 100
d 1 262
d 1 957
d 1 443
d 1 615
d 1 880
d 1 145
d 1 2
d 1 955
d 1 22
d 1 904
d 1 935
d 1 493
d 1 299
d 1 13
d 1 837
d 1 687
d 1 156
d 1 98
d 1 397
d 1 616
d 1 183
d 1 931
d 1 549
d 1 818
d 1 317
d 1 641
d 1 527
d 1 458
d 1 986
d 1 67
d 1 117
d 1 403
d 1 532
d 1 135
d 1 829
d 1 756
d 1 889
d 1 954
d 1 521
d 1 950
d 1 639
d 1 477
d 1 260
d 1 473
d 1 384
d 1 877
d 1 404
d 1 592
d 1 390
d 1 490
d 1 112
d 1 203
d 1 206
d 1 840
d 1 323
d 1 991
d 1 551
d 1 122
d 1 173
d 1 686
d 1 838
d 1 333
d 1 764
d 1 948
d 1 131
d 1 834
d 1 74
d 1 485
d 1 842
d 1 895
d 1 759
d 1 214
d 1 401
d 1 326
d 1 750
d 1 669
d 1 884
d 1 559
d 1 105
d 1 500
d 1 790
d 1 335
d 1 268
d 1 909
d 1 252
d 1 775
d 1 95
d 1 208
d 1 603
d 1 492
d 1 17
d 1 495
d 1 886
d 1 702
d 1 300
d 1 802
d 1 291
d 1 689
d 1 237
d 1 187
d 1 538
d 1 851
d 1 685
d 1 675
d 1 535
d 1 608
d 1 425
d 1 62
d 1 400
d 1 265
d 1 368
d 1 947
d 1 461
d 1 276
d 1 418
d 1 484
d 1 846
d 1 854
d 1 243
d 1 284
d 1 77
d 1 82
d 1 619
d 1 37
d 1 571
d 1 699
d 1 919
d 1 982
d 1 316
d 1 14
d 1 479
d 1 272
d 1 51
d 1 499
d 1 896
d 1 785
d 1 201
d 1 308
d 1 285
d 1 320
d 1 348
d 1 158
d 1 701
d 1 660
d 1 228
d 1 46
d 1 817
d 1 409
d 1 859
d 1 367
d 1 766
d 1 541
d 1 863
d 1 125
d 1 620
d 1 59
d 1 303
d 1 757
d 1 205
d 1 729
d 1 152
d 1 976
d 1 515
d 1 444
d 1 548
d 1 4
d 1 772
d 1 546
d 1 159
d 1 373
d 1 922
d 1 664
d 1 878
d 1 475
d 1 70
d 1 57
d 1 223
d 1 507
d 1 104
d 1 961
d 1 526
d 1 539
d 1 848
d 1 11
d 1 920
d 1 399
d 1 232
d 1 782
d 1 160
d 1 20
d 1 447
d 1 746
d 1 524
d 1 114
d 1 657
d 1 305
d 1 890
d 1 692
d 1 170
d 1 575
d 1 958
d 1 52
d 1 16
d 1 29
d 1 927
d 1 424
d 1 271
d 1 735
d 1 396
d 1 849
d 1 428
d 1 293
d 1 471
d 1 731
d 1 209
d 1 374
d 1 613
d 1 871
d 1 275
d 1 612
d 1 803
d 1 990
d 1 242
d 1 747
d 1 933
d 1 979
d 1 106
d 1 154
d 1 795
d 1 573
d 1 328
d 1 233
d 1 994
d 1 180
d 1 383
d 1 211
d 1 350
d 1 609
d 1 555
d 1 212
d 1 467
d 1 60
d 1 337
d 1 734
d 1 64
d 1 25
d 1 981
d 1 626
d 1 509
d 1 998
d 1 517
d 1 445
d 1 550
d 1 741
d 1 378
d 1 73
d 1 768
d 1 225
d 1 688
d 1 149
d 1 705
d 1 643
d 1 113
d 1 932
d 1 835
d 1 712
d 1 438
d 1 728
d 1 967
d 1 354
d 1 474
d 1 142
d 1 873
d 1 220
d 1 938
d 1 33
d 1 281
d 1 789
d 1 733
d 1 124
d 1 624
d 1 891
d 1 393
d 1 793
d 1 576
d 1 738
d 1 813
d 1 830
d 1 381
d 1 244
d 1 570
d 1 9
d 1 894
d 1 234
d 1 116
d 1 598
d 1 165
d 1 797
d 1 662
d 1 395
d 1 870
d 1 290
d 1 304
d 1 389
d 1 929
d 1 3
d 1 792
d 1 791
d 1 860
d 1 351
d 1 815
d 1 419
d 1 928
d 1 888
d 1 27
d 1 857
d 1 811
d 1 984
d 1 528
d 1 102
d 1 204
d 1 455
d 1 126
d 1 676
d 1 470
d 1 226
d 1 707
d 1 985
d 1 76
d 1 761
d 1 925
d 1 192
d 1 827
d 1 745
d 1 385
d 1 727
d 1 210
d 1 215
d 1 488
d 1 531
d 1 79
d 1 867
d 1 973
d 1 347
d 1 227
d 1 294
d 1 363
d 1 744
d 1 604
d 1 231
d 1 583
d 1 721
d 1 246
d 1 989
d 1 163
d 1 250
d 1 80
d 1 482
d 1 683
d 1 720
d 1 725
d 1 971
d 1 370
d 1 196
d 1 590
d 1 665
d 1 162
d 1 468
d 1 917
d 1 552
d 1 19
d 1 987
d 1 781
d 1 453
d 1 456
d 1 94
d 1 336
d 1 637
d 1 650
d 1 487
d 1 416
d 1 652
d 1 505
d 1 236
d 1 666
d 1 522
d 1 391
d 1 315
d 1 47
d 1 469
d 1 663
d 1 977
d 1 334
d 1 649
d 1 599
d 1 627
d 1 311
d 1 314
d 1 127
d 1 610
d 1 966
d 1 547
d 1 23
d 1 245
d 1 758
d 1 178
d 1 934
d 1 56
d 1 770
d 1 709
d 1 415
d 1 286
d 1 153
d 1 90
d 1 561
d 1 292
d 1 668
d 1 431
d 1 828
d 1 81
d 1 584
d 1 945
d 1 960
d 1 297
d 1 883
d 1 420
d 1 912
d 1 706
d 1 836
d 1 856
d 1 437
d 1 655
d 1 726
d 1 345
d 1 377
d 1 936
d 1 99
d 1 491
d 1 519
d 1 280
d 1 34
d 1 109
d 1 980
d 1 38
d 1 713
d 1 630
d 1 146
d 1 674
d 1 682
d 1 6
d 1 983
d 1 269
d 1 788
d 1 435
d 1 906
d 1 502
d 1 611
d 1 111
d 1 748
d 1 636
d 1 36
d 1 230
d 1 544
d 1 646
d 1 486
d 1 635
d 1 510
d 1 586
d 1 413
d 1 518
d 1 8
d 1 372
d 1 659
d 1 579
d 1 774
d 1 786
d 1 182
d 1 341
d 1 402
d 1 780
d 1 540
d 1 120
d 1 380
d 1 147
d 1 525
d 1 50
d 1 953
d 1 85
d 1 5
d 1 833
d 1 963
d 1 691
d 1 776
d 1 810
d 1 483
d 1 375
d 1 915
d 1 545
d 1 128
d 1 53
d 1 258
d 1 197
d 1 353
d 1 831
d 1 723
d 1 339
d 1 101
d 1 342
d 1 862
d 1 177
d 1 414
d 1 148
d 1 151
d 1 566
d 1 429
d 1 629
d 1 916
d 1 457
d 1 88
d 1 881
d 1 644
d 1 405
d 1 134
d 1 972
d 1 93
d 1 988
d 1 241
d 1 121
d 1 939
d 1 432
d 1 39
d 1 926
d 1 869
d 1 638
d 1 996
d 1 464
d 1 110
d 1 749
d 1 278
d 1 296
d 1 832
d 1 647
d 1 264
d 1 892
d 1 850
d 1 875
d 1 217
d 1 238
d 1 325
d 1 133
d 1 497
d 1 379
d 1 557
d 1 693
d 1 188
d 1 427
d 1 12
d 1 309
d 1 751
d 1 257
d 1 442
d 1 585
d 1 937
d 1 614
d 1 962
d 1 371
d 1 174
d 1 587
d 1 618
d 1 108
d 1 150
d 1 270
d 1 534
d 1 289
d 1 648
d 1 376
d 1 714
d 1 710
d 1 360
d 1 42
d 1 847
d 1 298
d 1 239
d 1 514
d 1 656
d 1 310
d 1 864
d 1 596
d 1 282
d 1 277
d 1 717
d 1 893
d 1 588
d 1 911
d 1 169
d 1 302
d 1 137
d 1 235
d 1 841
d 1 724
d 1 496
d 1 530
d 1 86
d 1 671
d 1 944
d 1 501
d 1 739
d 1 253
d 1 462
d 1 84
d 1 885
d 1 601
d 1 421
d 1 307
d 1 679
d 1 195
d 1 631
d 1 494
d 1 874
d 1 760
d 1 558
d 1 605
d 1 606
d 1 441
d 1 567
d 1 858
