Source files that end in .c will be compiled automatically with gcc,
while source files that end in .cpp will be compiled automatically with g++.
For those that prefer C, they can either use the provided C++
argument parser and write everything else in C, or delete the
provided main.cpp and start from scratch.
Those who have both .c and .cpp files should ensure to have a compatible ABI when calling C functions from C++ (see `hello.h` on how to do this).

My PID: 1699
From a new terminal type `kill -SIGINT 1699` or `kill -SIGTERM 1699` to stop processing packets

My ID: 2

List of resolved hosts is:
==========================
1
Human-readable IP: 127.0.0.1
Machine-readable IP: 16777343
Human-readbale Port: 11001
Machine-readbale Port: 63786

2
Human-readable IP: 127.0.0.1
Machine-readable IP: 16777343
Human-readbale Port: 11002
Machine-readbale Port: 64042

3
Human-readable IP: 127.0.0.1
Machine-readable IP: 16777343
Human-readbale Port: 11003
Machine-readbale Port: 64298

4
Human-readable IP: 127.0.0.1
Machine-readable IP: 16777343
Human-readbale Port: 11004
Machine-readbale Port: 64554

5
Human-readable IP: 127.0.0.1
Machine-readable IP: 16777343
Human-readbale Port: 11005
Machine-readbale Port: 64810

6
Human-readable IP: 127.0.0.1
Machine-readable IP: 16777343
Human-readbale Port: 11006
Machine-readbale Port: 65066

7
Human-readable IP: 127.0.0.1
Machine-readable IP: 16777343
Human-readbale Port: 11007
Machine-readbale Port: 65322

8
Human-readable IP: 127.0.0.1
Machine-readable IP: 16777343
Human-readbale Port: 11008
Machine-readbale Port: 43


Path to output:
===============
/home/dcl/CS451-2021-project/logs/proc02.output

Path to config:
===============
logs/config

Doing some initialization...

enter creator
bind success!
m: 100000
i: 1
pp2p sending thread init start
pp2p sending thread init finish
